<?xml version="1.0" encoding="UTF-8"?>
<!-- Generated by org.testng.reporters.JUnitReportReporter -->
<testsuite hostname="DESKTOP-O5BAGMD" failures="0" tests="1" name="test.Test2048test" time="237.330" errors="0" timestamp="20 Nov 2019 19:31:58 GMT" skipped="0">
  <testcase classname="test.Test2048test" name="intialCheckTest" time="237.330"/>
</testsuite> <!-- test.Test2048test -->
