<?xml version="1.0" encoding="UTF-8"?>
<!-- Generated by org.testng.reporters.JUnitReportReporter -->
<testsuite hostname="DESKTOP-O5BAGMD" failures="0" tests="1" name="test.Test2048test" time="14.835" errors="0" timestamp="16 Nov 2019 20:30:08 GMT" skipped="0">
  <testcase classname="test.Test2048test" name="intialCheckTest" time="14.835"/>
</testsuite> <!-- test.Test2048test -->
