<?xml version="1.0" encoding="UTF-8"?>
<!-- Generated by org.testng.reporters.JUnitReportReporter -->
<testsuite hostname="DESKTOP-O5BAGMD" failures="0" tests="1" name="test.Test2048" time="0.013" errors="0" timestamp="16 Nov 2019 12:21:58 GMT" skipped="0">
  <testcase classname="test.Test2048" name="intialCheckTest" time="0.013"/>
</testsuite> <!-- test.Test2048 -->
